----------------------------------------------------------------
Mon Jan 23 04:06:42 IST 2023:
Booting Derby version The Apache Software Foundation - Apache Derby - 10.14.2.0 - (1828579): instance a816c00e-0185-dba0-6c64-000001e79230 
on database directory memory:E:\workspace_2023\spring_boot_apps\01_student-management-app\testdb with class loader jdk.internal.loader.ClassLoaders$AppClassLoader@579bb367 
Loaded from file:/C:/Users/Lenovo/.m2/repository/org/apache/derby/derby/10.14.2.0/derby-10.14.2.0.jar
java.vendor=Oracle Corporation
java.runtime.version=16.0.1+9-24
user.dir=E:\workspace_2023\spring_boot_apps\01_student-management-app
os.name=Windows 10
os.arch=amd64
os.version=10.0
derby.system.home=null
Database Class Loader started - derby.database.classpath=''
----------------------------------------------------------------
Mon Jan 23 04:09:31 IST 2023:
Shutting down instance a816c00e-0185-dba0-6c64-000001e79230 on database directory memory:E:\workspace_2023\spring_boot_apps\01_student-management-app\testdb with class loader jdk.internal.loader.ClassLoaders$AppClassLoader@579bb367 
----------------------------------------------------------------
Mon Jan 23 04:09:32 IST 2023:
Booting Derby version The Apache Software Foundation - Apache Derby - 10.14.2.0 - (1828579): instance 5bd340ca-0185-dba0-6c64-000001e79230 
on database directory memory:E:\workspace_2023\spring_boot_apps\01_student-management-app\testdb with class loader jdk.internal.loader.ClassLoaders$AppClassLoader@579bb367 
Loaded from file:/C:/Users/Lenovo/.m2/repository/org/apache/derby/derby/10.14.2.0/derby-10.14.2.0.jar
java.vendor=Oracle Corporation
java.runtime.version=16.0.1+9-24
user.dir=E:\workspace_2023\spring_boot_apps\01_student-management-app
os.name=Windows 10
os.arch=amd64
os.version=10.0
derby.system.home=null
Database Class Loader started - derby.database.classpath=''
----------------------------------------------------------------
Mon Jan 23 04:11:06 IST 2023:
Shutting down instance 5bd340ca-0185-dba0-6c64-000001e79230 on database directory memory:E:\workspace_2023\spring_boot_apps\01_student-management-app\testdb with class loader jdk.internal.loader.ClassLoaders$AppClassLoader@579bb367 
----------------------------------------------------------------
Mon Jan 23 04:11:07 IST 2023:
Booting Derby version The Apache Software Foundation - Apache Derby - 10.14.2.0 - (1828579): instance 6f10c17e-0185-dba0-6c64-000001e79230 
on database directory memory:E:\workspace_2023\spring_boot_apps\01_student-management-app\testdb with class loader jdk.internal.loader.ClassLoaders$AppClassLoader@579bb367 
Loaded from file:/C:/Users/Lenovo/.m2/repository/org/apache/derby/derby/10.14.2.0/derby-10.14.2.0.jar
java.vendor=Oracle Corporation
java.runtime.version=16.0.1+9-24
user.dir=E:\workspace_2023\spring_boot_apps\01_student-management-app
os.name=Windows 10
os.arch=amd64
os.version=10.0
derby.system.home=null
Database Class Loader started - derby.database.classpath=''
----------------------------------------------------------------
Mon Jan 23 04:17:25 IST 2023:
Shutting down instance 6f10c17e-0185-dba0-6c64-000001e79230 on database directory memory:E:\workspace_2023\spring_boot_apps\01_student-management-app\testdb with class loader jdk.internal.loader.ClassLoaders$AppClassLoader@579bb367 
----------------------------------------------------------------
Mon Jan 23 04:17:25 IST 2023:
Booting Derby version The Apache Software Foundation - Apache Derby - 10.14.2.0 - (1828579): instance a1f24232-0185-dba0-6c64-000001e79230 
on database directory memory:E:\workspace_2023\spring_boot_apps\01_student-management-app\testdb with class loader jdk.internal.loader.ClassLoaders$AppClassLoader@579bb367 
Loaded from file:/C:/Users/Lenovo/.m2/repository/org/apache/derby/derby/10.14.2.0/derby-10.14.2.0.jar
java.vendor=Oracle Corporation
java.runtime.version=16.0.1+9-24
user.dir=E:\workspace_2023\spring_boot_apps\01_student-management-app
os.name=Windows 10
os.arch=amd64
os.version=10.0
derby.system.home=null
Database Class Loader started - derby.database.classpath=''
----------------------------------------------------------------
Mon Jan 23 04:18:17 IST 2023:
Shutting down instance a1f24232-0185-dba0-6c64-000001e79230 on database directory memory:E:\workspace_2023\spring_boot_apps\01_student-management-app\testdb with class loader jdk.internal.loader.ClassLoaders$AppClassLoader@579bb367 
----------------------------------------------------------------
Mon Jan 23 04:18:18 IST 2023:
Booting Derby version The Apache Software Foundation - Apache Derby - 10.14.2.0 - (1828579): instance f477c2e6-0185-dba0-6c64-000001e79230 
on database directory memory:E:\workspace_2023\spring_boot_apps\01_student-management-app\testdb with class loader jdk.internal.loader.ClassLoaders$AppClassLoader@579bb367 
Loaded from file:/C:/Users/Lenovo/.m2/repository/org/apache/derby/derby/10.14.2.0/derby-10.14.2.0.jar
java.vendor=Oracle Corporation
java.runtime.version=16.0.1+9-24
user.dir=E:\workspace_2023\spring_boot_apps\01_student-management-app
os.name=Windows 10
os.arch=amd64
os.version=10.0
derby.system.home=null
Database Class Loader started - derby.database.classpath=''
----------------------------------------------------------------
Mon Jan 23 04:19:04 IST 2023:
Shutting down instance f477c2e6-0185-dba0-6c64-000001e79230 on database directory memory:E:\workspace_2023\spring_boot_apps\01_student-management-app\testdb with class loader jdk.internal.loader.ClassLoaders$AppClassLoader@579bb367 
----------------------------------------------------------------
Mon Jan 23 04:19:05 IST 2023:
Booting Derby version The Apache Software Foundation - Apache Derby - 10.14.2.0 - (1828579): instance 66a1439a-0185-dba0-6c64-000001e79230 
on database directory memory:E:\workspace_2023\spring_boot_apps\01_student-management-app\testdb with class loader jdk.internal.loader.ClassLoaders$AppClassLoader@579bb367 
Loaded from file:/C:/Users/Lenovo/.m2/repository/org/apache/derby/derby/10.14.2.0/derby-10.14.2.0.jar
java.vendor=Oracle Corporation
java.runtime.version=16.0.1+9-24
user.dir=E:\workspace_2023\spring_boot_apps\01_student-management-app
os.name=Windows 10
os.arch=amd64
os.version=10.0
derby.system.home=null
Database Class Loader started - derby.database.classpath=''
----------------------------------------------------------------
Mon Jan 23 04:20:45 IST 2023:
Shutting down instance 66a1439a-0185-dba0-6c64-000001e79230 on database directory memory:E:\workspace_2023\spring_boot_apps\01_student-management-app\testdb with class loader jdk.internal.loader.ClassLoaders$AppClassLoader@579bb367 
----------------------------------------------------------------
Mon Jan 23 04:20:46 IST 2023:
Booting Derby version The Apache Software Foundation - Apache Derby - 10.14.2.0 - (1828579): instance f86ec44e-0185-dba0-6c64-000001e79230 
on database directory memory:E:\workspace_2023\spring_boot_apps\01_student-management-app\testdb with class loader jdk.internal.loader.ClassLoaders$AppClassLoader@579bb367 
Loaded from file:/C:/Users/Lenovo/.m2/repository/org/apache/derby/derby/10.14.2.0/derby-10.14.2.0.jar
java.vendor=Oracle Corporation
java.runtime.version=16.0.1+9-24
user.dir=E:\workspace_2023\spring_boot_apps\01_student-management-app
os.name=Windows 10
os.arch=amd64
os.version=10.0
derby.system.home=null
Database Class Loader started - derby.database.classpath=''
----------------------------------------------------------------
Mon Jan 23 04:24:32 IST 2023:
Shutting down instance f86ec44e-0185-dba0-6c64-000001e79230 on database directory memory:E:\workspace_2023\spring_boot_apps\01_student-management-app\testdb with class loader jdk.internal.loader.ClassLoaders$AppClassLoader@579bb367 
----------------------------------------------------------------
Mon Jan 23 04:24:33 IST 2023:
Booting Derby version The Apache Software Foundation - Apache Derby - 10.14.2.0 - (1828579): instance a9e04502-0185-dba0-6c64-000001e79230 
on database directory memory:E:\workspace_2023\spring_boot_apps\01_student-management-app\testdb with class loader jdk.internal.loader.ClassLoaders$AppClassLoader@579bb367 
Loaded from file:/C:/Users/Lenovo/.m2/repository/org/apache/derby/derby/10.14.2.0/derby-10.14.2.0.jar
java.vendor=Oracle Corporation
java.runtime.version=16.0.1+9-24
user.dir=E:\workspace_2023\spring_boot_apps\01_student-management-app
os.name=Windows 10
os.arch=amd64
os.version=10.0
derby.system.home=null
Database Class Loader started - derby.database.classpath=''
----------------------------------------------------------------
Mon Jan 23 04:24:55 IST 2023:
Shutting down instance a9e04502-0185-dba0-6c64-000001e79230 on database directory memory:E:\workspace_2023\spring_boot_apps\01_student-management-app\testdb with class loader jdk.internal.loader.ClassLoaders$AppClassLoader@579bb367 
----------------------------------------------------------------
Mon Jan 23 04:24:56 IST 2023:
Booting Derby version The Apache Software Foundation - Apache Derby - 10.14.2.0 - (1828579): instance 7af5c5b6-0185-dba0-6c64-000001e79230 
on database directory memory:E:\workspace_2023\spring_boot_apps\01_student-management-app\testdb with class loader jdk.internal.loader.ClassLoaders$AppClassLoader@579bb367 
Loaded from file:/C:/Users/Lenovo/.m2/repository/org/apache/derby/derby/10.14.2.0/derby-10.14.2.0.jar
java.vendor=Oracle Corporation
java.runtime.version=16.0.1+9-24
user.dir=E:\workspace_2023\spring_boot_apps\01_student-management-app
os.name=Windows 10
os.arch=amd64
os.version=10.0
derby.system.home=null
Database Class Loader started - derby.database.classpath=''
----------------------------------------------------------------
Mon Jan 23 04:25:03 IST 2023:
Shutting down instance 7af5c5b6-0185-dba0-6c64-000001e79230 on database directory memory:E:\workspace_2023\spring_boot_apps\01_student-management-app\testdb with class loader jdk.internal.loader.ClassLoaders$AppClassLoader@579bb367 
----------------------------------------------------------------
Mon Jan 23 04:25:04 IST 2023:
Booting Derby version The Apache Software Foundation - Apache Derby - 10.14.2.0 - (1828579): instance 6baf466a-0185-dba0-6c64-000001e79230 
on database directory memory:E:\workspace_2023\spring_boot_apps\01_student-management-app\testdb with class loader jdk.internal.loader.ClassLoaders$AppClassLoader@579bb367 
Loaded from file:/C:/Users/Lenovo/.m2/repository/org/apache/derby/derby/10.14.2.0/derby-10.14.2.0.jar
java.vendor=Oracle Corporation
java.runtime.version=16.0.1+9-24
user.dir=E:\workspace_2023\spring_boot_apps\01_student-management-app
os.name=Windows 10
os.arch=amd64
os.version=10.0
derby.system.home=null
Database Class Loader started - derby.database.classpath=''
----------------------------------------------------------------
Mon Jan 23 04:25:28 IST 2023:
Shutting down instance 6baf466a-0185-dba0-6c64-000001e79230 on database directory memory:E:\workspace_2023\spring_boot_apps\01_student-management-app\testdb with class loader jdk.internal.loader.ClassLoaders$AppClassLoader@579bb367 
----------------------------------------------------------------
Mon Jan 23 04:25:28 IST 2023:
Booting Derby version The Apache Software Foundation - Apache Derby - 10.14.2.0 - (1828579): instance 7c0cc71e-0185-dba0-6c64-000001e79230 
on database directory memory:E:\workspace_2023\spring_boot_apps\01_student-management-app\testdb with class loader jdk.internal.loader.ClassLoaders$AppClassLoader@579bb367 
Loaded from file:/C:/Users/Lenovo/.m2/repository/org/apache/derby/derby/10.14.2.0/derby-10.14.2.0.jar
java.vendor=Oracle Corporation
java.runtime.version=16.0.1+9-24
user.dir=E:\workspace_2023\spring_boot_apps\01_student-management-app
os.name=Windows 10
os.arch=amd64
os.version=10.0
derby.system.home=null
Database Class Loader started - derby.database.classpath=''
----------------------------------------------------------------
Mon Jan 23 04:25:30 IST 2023:
Shutting down instance 7c0cc71e-0185-dba0-6c64-000001e79230 on database directory memory:E:\workspace_2023\spring_boot_apps\01_student-management-app\testdb with class loader jdk.internal.loader.ClassLoaders$AppClassLoader@579bb367 
----------------------------------------------------------------
Mon Jan 23 04:25:31 IST 2023:
Booting Derby version The Apache Software Foundation - Apache Derby - 10.14.2.0 - (1828579): instance ac0e47d2-0185-dba0-6c64-000001e79230 
on database directory memory:E:\workspace_2023\spring_boot_apps\01_student-management-app\testdb with class loader jdk.internal.loader.ClassLoaders$AppClassLoader@579bb367 
Loaded from file:/C:/Users/Lenovo/.m2/repository/org/apache/derby/derby/10.14.2.0/derby-10.14.2.0.jar
java.vendor=Oracle Corporation
java.runtime.version=16.0.1+9-24
user.dir=E:\workspace_2023\spring_boot_apps\01_student-management-app
os.name=Windows 10
os.arch=amd64
os.version=10.0
derby.system.home=null
Database Class Loader started - derby.database.classpath=''
----------------------------------------------------------------
Mon Jan 23 04:26:08 IST 2023:
Shutting down instance ac0e47d2-0185-dba0-6c64-000001e79230 on database directory memory:E:\workspace_2023\spring_boot_apps\01_student-management-app\testdb with class loader jdk.internal.loader.ClassLoaders$AppClassLoader@579bb367 
----------------------------------------------------------------
Mon Jan 23 04:26:08 IST 2023:
Booting Derby version The Apache Software Foundation - Apache Derby - 10.14.2.0 - (1828579): instance fbb3c886-0185-dba0-6c64-000001e79230 
on database directory memory:E:\workspace_2023\spring_boot_apps\01_student-management-app\testdb with class loader jdk.internal.loader.ClassLoaders$AppClassLoader@579bb367 
Loaded from file:/C:/Users/Lenovo/.m2/repository/org/apache/derby/derby/10.14.2.0/derby-10.14.2.0.jar
java.vendor=Oracle Corporation
java.runtime.version=16.0.1+9-24
user.dir=E:\workspace_2023\spring_boot_apps\01_student-management-app
os.name=Windows 10
os.arch=amd64
os.version=10.0
derby.system.home=null
Database Class Loader started - derby.database.classpath=''
----------------------------------------------------------------
Mon Jan 23 04:30:11 IST 2023:
Shutting down instance fbb3c886-0185-dba0-6c64-000001e79230 on database directory memory:E:\workspace_2023\spring_boot_apps\01_student-management-app\testdb with class loader jdk.internal.loader.ClassLoaders$AppClassLoader@579bb367 
----------------------------------------------------------------
Mon Jan 23 04:30:12 IST 2023:
Booting Derby version The Apache Software Foundation - Apache Derby - 10.14.2.0 - (1828579): instance 6afd493a-0185-dba0-6c64-000001e79230 
on database directory memory:E:\workspace_2023\spring_boot_apps\01_student-management-app\testdb with class loader jdk.internal.loader.ClassLoaders$AppClassLoader@579bb367 
Loaded from file:/C:/Users/Lenovo/.m2/repository/org/apache/derby/derby/10.14.2.0/derby-10.14.2.0.jar
java.vendor=Oracle Corporation
java.runtime.version=16.0.1+9-24
user.dir=E:\workspace_2023\spring_boot_apps\01_student-management-app
os.name=Windows 10
os.arch=amd64
os.version=10.0
derby.system.home=null
Database Class Loader started - derby.database.classpath=''
----------------------------------------------------------------
Mon Jan 23 04:30:39 IST 2023:
Shutting down instance 6afd493a-0185-dba0-6c64-000001e79230 on database directory memory:E:\workspace_2023\spring_boot_apps\01_student-management-app\testdb with class loader jdk.internal.loader.ClassLoaders$AppClassLoader@579bb367 
----------------------------------------------------------------
Mon Jan 23 04:30:40 IST 2023:
Booting Derby version The Apache Software Foundation - Apache Derby - 10.14.2.0 - (1828579): instance f9eac9ee-0185-dba0-6c64-000001e79230 
on database directory memory:E:\workspace_2023\spring_boot_apps\01_student-management-app\testdb with class loader jdk.internal.loader.ClassLoaders$AppClassLoader@579bb367 
Loaded from file:/C:/Users/Lenovo/.m2/repository/org/apache/derby/derby/10.14.2.0/derby-10.14.2.0.jar
java.vendor=Oracle Corporation
java.runtime.version=16.0.1+9-24
user.dir=E:\workspace_2023\spring_boot_apps\01_student-management-app
os.name=Windows 10
os.arch=amd64
os.version=10.0
derby.system.home=null
Database Class Loader started - derby.database.classpath=''
----------------------------------------------------------------
Mon Jan 23 04:32:05 IST 2023:
Shutting down instance f9eac9ee-0185-dba0-6c64-000001e79230 on database directory memory:E:\workspace_2023\spring_boot_apps\01_student-management-app\testdb with class loader jdk.internal.loader.ClassLoaders$AppClassLoader@579bb367 
----------------------------------------------------------------
Mon Jan 23 04:32:06 IST 2023:
Booting Derby version The Apache Software Foundation - Apache Derby - 10.14.2.0 - (1828579): instance a87c4aa2-0185-dba0-6c64-000001e79230 
on database directory memory:E:\workspace_2023\spring_boot_apps\01_student-management-app\testdb with class loader jdk.internal.loader.ClassLoaders$AppClassLoader@579bb367 
Loaded from file:/C:/Users/Lenovo/.m2/repository/org/apache/derby/derby/10.14.2.0/derby-10.14.2.0.jar
java.vendor=Oracle Corporation
java.runtime.version=16.0.1+9-24
user.dir=E:\workspace_2023\spring_boot_apps\01_student-management-app
os.name=Windows 10
os.arch=amd64
os.version=10.0
derby.system.home=null
Database Class Loader started - derby.database.classpath=''
----------------------------------------------------------------
Mon Jan 23 04:33:37 IST 2023:
Shutting down instance a87c4aa2-0185-dba0-6c64-000001e79230 on database directory memory:E:\workspace_2023\spring_boot_apps\01_student-management-app\testdb with class loader jdk.internal.loader.ClassLoaders$AppClassLoader@579bb367 
----------------------------------------------------------------
Mon Jan 23 04:33:38 IST 2023:
Booting Derby version The Apache Software Foundation - Apache Derby - 10.14.2.0 - (1828579): instance 76b1cb56-0185-dba0-6c64-000001e79230 
on database directory memory:E:\workspace_2023\spring_boot_apps\01_student-management-app\testdb with class loader jdk.internal.loader.ClassLoaders$AppClassLoader@579bb367 
Loaded from file:/C:/Users/Lenovo/.m2/repository/org/apache/derby/derby/10.14.2.0/derby-10.14.2.0.jar
java.vendor=Oracle Corporation
java.runtime.version=16.0.1+9-24
user.dir=E:\workspace_2023\spring_boot_apps\01_student-management-app
os.name=Windows 10
os.arch=amd64
os.version=10.0
derby.system.home=null
Database Class Loader started - derby.database.classpath=''
----------------------------------------------------------------
Mon Jan 23 04:34:03 IST 2023:
Shutting down instance 76b1cb56-0185-dba0-6c64-000001e79230 on database directory memory:E:\workspace_2023\spring_boot_apps\01_student-management-app\testdb with class loader jdk.internal.loader.ClassLoaders$AppClassLoader@579bb367 
----------------------------------------------------------------
Mon Jan 23 04:34:04 IST 2023:
Booting Derby version The Apache Software Foundation - Apache Derby - 10.14.2.0 - (1828579): instance 648b4c0a-0185-dba0-6c64-000001e79230 
on database directory memory:E:\workspace_2023\spring_boot_apps\01_student-management-app\testdb with class loader jdk.internal.loader.ClassLoaders$AppClassLoader@579bb367 
Loaded from file:/C:/Users/Lenovo/.m2/repository/org/apache/derby/derby/10.14.2.0/derby-10.14.2.0.jar
java.vendor=Oracle Corporation
java.runtime.version=16.0.1+9-24
user.dir=E:\workspace_2023\spring_boot_apps\01_student-management-app
os.name=Windows 10
os.arch=amd64
os.version=10.0
derby.system.home=null
Database Class Loader started - derby.database.classpath=''
----------------------------------------------------------------
Mon Jan 23 04:36:47 IST 2023:
Shutting down instance 648b4c0a-0185-dba0-6c64-000001e79230 on database directory memory:E:\workspace_2023\spring_boot_apps\01_student-management-app\testdb with class loader jdk.internal.loader.ClassLoaders$AppClassLoader@579bb367 
----------------------------------------------------------------
Mon Jan 23 04:36:48 IST 2023:
Booting Derby version The Apache Software Foundation - Apache Derby - 10.14.2.0 - (1828579): instance 7208ccbe-0185-dba0-6c64-000001e79230 
on database directory memory:E:\workspace_2023\spring_boot_apps\01_student-management-app\testdb with class loader jdk.internal.loader.ClassLoaders$AppClassLoader@579bb367 
Loaded from file:/C:/Users/Lenovo/.m2/repository/org/apache/derby/derby/10.14.2.0/derby-10.14.2.0.jar
java.vendor=Oracle Corporation
java.runtime.version=16.0.1+9-24
user.dir=E:\workspace_2023\spring_boot_apps\01_student-management-app
os.name=Windows 10
os.arch=amd64
os.version=10.0
derby.system.home=null
Database Class Loader started - derby.database.classpath=''
----------------------------------------------------------------
Mon Jan 23 04:37:06 IST 2023:
Shutting down instance 7208ccbe-0185-dba0-6c64-000001e79230 on database directory memory:E:\workspace_2023\spring_boot_apps\01_student-management-app\testdb with class loader jdk.internal.loader.ClassLoaders$AppClassLoader@579bb367 
----------------------------------------------------------------
Mon Jan 23 04:37:07 IST 2023:
Booting Derby version The Apache Software Foundation - Apache Derby - 10.14.2.0 - (1828579): instance 9f2a4d72-0185-dba0-6c64-000001e79230 
on database directory memory:E:\workspace_2023\spring_boot_apps\01_student-management-app\testdb with class loader jdk.internal.loader.ClassLoaders$AppClassLoader@579bb367 
Loaded from file:/C:/Users/Lenovo/.m2/repository/org/apache/derby/derby/10.14.2.0/derby-10.14.2.0.jar
java.vendor=Oracle Corporation
java.runtime.version=16.0.1+9-24
user.dir=E:\workspace_2023\spring_boot_apps\01_student-management-app
os.name=Windows 10
os.arch=amd64
os.version=10.0
derby.system.home=null
Database Class Loader started - derby.database.classpath=''
----------------------------------------------------------------
Mon Jan 23 04:37:25 IST 2023:
Shutting down instance 9f2a4d72-0185-dba0-6c64-000001e79230 on database directory memory:E:\workspace_2023\spring_boot_apps\01_student-management-app\testdb with class loader jdk.internal.loader.ClassLoaders$AppClassLoader@579bb367 
----------------------------------------------------------------
Mon Jan 23 04:37:26 IST 2023:
Booting Derby version The Apache Software Foundation - Apache Derby - 10.14.2.0 - (1828579): instance ebefce26-0185-dba0-6c64-000001e79230 
on database directory memory:E:\workspace_2023\spring_boot_apps\01_student-management-app\testdb with class loader jdk.internal.loader.ClassLoaders$AppClassLoader@579bb367 
Loaded from file:/C:/Users/Lenovo/.m2/repository/org/apache/derby/derby/10.14.2.0/derby-10.14.2.0.jar
java.vendor=Oracle Corporation
java.runtime.version=16.0.1+9-24
user.dir=E:\workspace_2023\spring_boot_apps\01_student-management-app
os.name=Windows 10
os.arch=amd64
os.version=10.0
derby.system.home=null
Database Class Loader started - derby.database.classpath=''
----------------------------------------------------------------
Mon Jan 23 04:46:21 IST 2023:
Shutting down instance ebefce26-0185-dba0-6c64-000001e79230 on database directory memory:E:\workspace_2023\spring_boot_apps\01_student-management-app\testdb with class loader jdk.internal.loader.ClassLoaders$AppClassLoader@579bb367 
----------------------------------------------------------------
Mon Jan 23 04:46:22 IST 2023:
Booting Derby version The Apache Software Foundation - Apache Derby - 10.14.2.0 - (1828579): instance 58594eda-0185-dba0-6c64-000001e79230 
on database directory memory:E:\workspace_2023\spring_boot_apps\01_student-management-app\testdb with class loader jdk.internal.loader.ClassLoaders$AppClassLoader@579bb367 
Loaded from file:/C:/Users/Lenovo/.m2/repository/org/apache/derby/derby/10.14.2.0/derby-10.14.2.0.jar
java.vendor=Oracle Corporation
java.runtime.version=16.0.1+9-24
user.dir=E:\workspace_2023\spring_boot_apps\01_student-management-app
os.name=Windows 10
os.arch=amd64
os.version=10.0
derby.system.home=null
Database Class Loader started - derby.database.classpath=''
----------------------------------------------------------------
Mon Jan 23 04:50:20 IST 2023:
Shutting down instance 58594eda-0185-dba0-6c64-000001e79230 on database directory memory:E:\workspace_2023\spring_boot_apps\01_student-management-app\testdb with class loader jdk.internal.loader.ClassLoaders$AppClassLoader@579bb367 
----------------------------------------------------------------
Mon Jan 23 04:50:21 IST 2023:
Booting Derby version The Apache Software Foundation - Apache Derby - 10.14.2.0 - (1828579): instance e466cf8e-0185-dba0-6c64-000001e79230 
on database directory memory:E:\workspace_2023\spring_boot_apps\01_student-management-app\testdb with class loader jdk.internal.loader.ClassLoaders$AppClassLoader@579bb367 
Loaded from file:/C:/Users/Lenovo/.m2/repository/org/apache/derby/derby/10.14.2.0/derby-10.14.2.0.jar
java.vendor=Oracle Corporation
java.runtime.version=16.0.1+9-24
user.dir=E:\workspace_2023\spring_boot_apps\01_student-management-app
os.name=Windows 10
os.arch=amd64
os.version=10.0
derby.system.home=null
Database Class Loader started - derby.database.classpath=''
----------------------------------------------------------------
Mon Jan 23 04:50:41 IST 2023:
Shutting down instance e466cf8e-0185-dba0-6c64-000001e79230 on database directory memory:E:\workspace_2023\spring_boot_apps\01_student-management-app\testdb with class loader jdk.internal.loader.ClassLoaders$AppClassLoader@579bb367 
----------------------------------------------------------------
Mon Jan 23 04:50:42 IST 2023:
Booting Derby version The Apache Software Foundation - Apache Derby - 10.14.2.0 - (1828579): instance 90185042-0185-dba0-6c64-000001e79230 
on database directory memory:E:\workspace_2023\spring_boot_apps\01_student-management-app\testdb with class loader jdk.internal.loader.ClassLoaders$AppClassLoader@579bb367 
Loaded from file:/C:/Users/Lenovo/.m2/repository/org/apache/derby/derby/10.14.2.0/derby-10.14.2.0.jar
java.vendor=Oracle Corporation
java.runtime.version=16.0.1+9-24
user.dir=E:\workspace_2023\spring_boot_apps\01_student-management-app
os.name=Windows 10
os.arch=amd64
os.version=10.0
derby.system.home=null
Database Class Loader started - derby.database.classpath=''
----------------------------------------------------------------
Mon Jan 23 04:51:58 IST 2023:
Shutting down instance 90185042-0185-dba0-6c64-000001e79230 on database directory memory:E:\workspace_2023\spring_boot_apps\01_student-management-app\testdb with class loader jdk.internal.loader.ClassLoaders$AppClassLoader@579bb367 
----------------------------------------------------------------
Mon Jan 23 04:51:59 IST 2023:
Booting Derby version The Apache Software Foundation - Apache Derby - 10.14.2.0 - (1828579): instance 5b6dd0f6-0185-dba0-6c64-000001e79230 
on database directory memory:E:\workspace_2023\spring_boot_apps\01_student-management-app\testdb with class loader jdk.internal.loader.ClassLoaders$AppClassLoader@579bb367 
Loaded from file:/C:/Users/Lenovo/.m2/repository/org/apache/derby/derby/10.14.2.0/derby-10.14.2.0.jar
java.vendor=Oracle Corporation
java.runtime.version=16.0.1+9-24
user.dir=E:\workspace_2023\spring_boot_apps\01_student-management-app
os.name=Windows 10
os.arch=amd64
os.version=10.0
derby.system.home=null
Database Class Loader started - derby.database.classpath=''
----------------------------------------------------------------
Mon Jan 23 04:54:38 IST 2023:
Shutting down instance 5b6dd0f6-0185-dba0-6c64-000001e79230 on database directory memory:E:\workspace_2023\spring_boot_apps\01_student-management-app\testdb with class loader jdk.internal.loader.ClassLoaders$AppClassLoader@579bb367 
----------------------------------------------------------------
Mon Jan 23 04:54:39 IST 2023:
Booting Derby version The Apache Software Foundation - Apache Derby - 10.14.2.0 - (1828579): instance 466751aa-0185-dba0-6c64-000001e79230 
on database directory memory:E:\workspace_2023\spring_boot_apps\01_student-management-app\testdb with class loader jdk.internal.loader.ClassLoaders$AppClassLoader@579bb367 
Loaded from file:/C:/Users/Lenovo/.m2/repository/org/apache/derby/derby/10.14.2.0/derby-10.14.2.0.jar
java.vendor=Oracle Corporation
java.runtime.version=16.0.1+9-24
user.dir=E:\workspace_2023\spring_boot_apps\01_student-management-app
os.name=Windows 10
os.arch=amd64
os.version=10.0
derby.system.home=null
Database Class Loader started - derby.database.classpath=''
----------------------------------------------------------------
Mon Jan 23 04:54:45 IST 2023:
Shutting down instance 466751aa-0185-dba0-6c64-000001e79230 on database directory memory:E:\workspace_2023\spring_boot_apps\01_student-management-app\testdb with class loader jdk.internal.loader.ClassLoaders$AppClassLoader@579bb367 
----------------------------------------------------------------
Mon Jan 23 04:54:45 IST 2023:
Booting Derby version The Apache Software Foundation - Apache Derby - 10.14.2.0 - (1828579): instance 5104d25e-0185-dba0-6c64-000001e79230 
on database directory memory:E:\workspace_2023\spring_boot_apps\01_student-management-app\testdb with class loader jdk.internal.loader.ClassLoaders$AppClassLoader@579bb367 
Loaded from file:/C:/Users/Lenovo/.m2/repository/org/apache/derby/derby/10.14.2.0/derby-10.14.2.0.jar
java.vendor=Oracle Corporation
java.runtime.version=16.0.1+9-24
user.dir=E:\workspace_2023\spring_boot_apps\01_student-management-app
os.name=Windows 10
os.arch=amd64
os.version=10.0
derby.system.home=null
Database Class Loader started - derby.database.classpath=''
----------------------------------------------------------------
Mon Jan 23 05:07:55 IST 2023:
Shutting down instance 5104d25e-0185-dba0-6c64-000001e79230 on database directory memory:E:\workspace_2023\spring_boot_apps\01_student-management-app\testdb with class loader jdk.internal.loader.ClassLoaders$AppClassLoader@579bb367 
----------------------------------------------------------------
Mon Jan 23 05:07:56 IST 2023:
Booting Derby version The Apache Software Foundation - Apache Derby - 10.14.2.0 - (1828579): instance a122d32e-0185-dba0-6c64-000001e79230 
on database directory memory:E:\workspace_2023\spring_boot_apps\01_student-management-app\testdb with class loader jdk.internal.loader.ClassLoaders$AppClassLoader@579bb367 
Loaded from file:/C:/Users/Lenovo/.m2/repository/org/apache/derby/derby/10.14.2.0/derby-10.14.2.0.jar
java.vendor=Oracle Corporation
java.runtime.version=16.0.1+9-24
user.dir=E:\workspace_2023\spring_boot_apps\01_student-management-app
os.name=Windows 10
os.arch=amd64
os.version=10.0
derby.system.home=null
Database Class Loader started - derby.database.classpath=''
